Flow report for flipflop
Sat Nov 04 17:39:21 2023
Quartus II Version 9.1 Build 350 03/24/2010 Service Pack 2 SJ Web Edition


---------------------
; Table of Contents ;
---------------------
  1. Legal Notice
  2. Flow Summary
  3. Flow Settings
  4. Flow Non-Default Global Settings
  5. Flow Elapsed Time
  6. Flow OS Summary
  7. Flow Log



----------------
; Legal Notice ;
----------------
Copyright (C) 1991-2010 Altera Corporation
Your use of Altera Corporation's design tools, logic functions 
and other software and tools, and its AMPP partner logic 
functions, and any output files from any of the foregoing 
(including device programming or simulation files), and any 
associated documentation or information are expressly subject 
to the terms and conditions of the Altera Program License 
Subscription Agreement, Altera MegaCore Function License 
Agreement, or other applicable license agreement, including, 
without limitation, that your use is for the sole purpose of 
programming logic devices manufactured by Altera and sold by 
Altera or its authorized distributors.  Please refer to the 
applicable agreement for further details.



+-----------------------------------------------------------------------------------+
; Flow Summary                                                                      ;
+------------------------------------+----------------------------------------------+
; Flow Status                        ; Successful - Sat Nov 04 17:39:15 2023        ;
; Quartus II Version                 ; 9.1 Build 350 03/24/2010 SP 2 SJ Web Edition ;
; Revision Name                      ; flipflop                                     ;
; Top-level Entity Name              ; flipflop                                     ;
; Family                             ; Cyclone IV E                                 ;
; Met timing requirements            ; N/A                                          ;
; Total logic elements               ; 4 / 6,272 ( < 1 % )                          ;
;     Total combinational functions  ; 0 / 6,272 ( 0 % )                            ;
;     Dedicated logic registers      ; 4 / 6,272 ( < 1 % )                          ;
; Total registers                    ; 4                                            ;
; Total pins                         ; 9 / 92 ( 10 % )                              ;
; Total virtual pins                 ; 0                                            ;
; Total memory bits                  ; 0 / 276,480 ( 0 % )                          ;
; Embedded Multiplier 9-bit elements ; 0 / 30 ( 0 % )                               ;
; Total PLLs                         ; 0 / 2 ( 0 % )                                ;
; Device                             ; EP4CE6E22C6                                  ;
; Timing Models                      ; Preliminary                                  ;
+------------------------------------+----------------------------------------------+


+-----------------------------------------+
; Flow Settings                           ;
+-------------------+---------------------+
; Option            ; Setting             ;
+-------------------+---------------------+
; Start date & time ; 11/04/2023 17:38:54 ;
; Main task         ; Compilation         ;
; Revision Name     ; flipflop            ;
+-------------------+---------------------+


+--------------------------------------------------------------------------------------------------------------------+
; Flow Non-Default Global Settings                                                                                   ;
+------------------------------------+--------------------------------+---------------+-------------+----------------+
; Assignment Name                    ; Value                          ; Default Value ; Entity Name ; Section Id     ;
+------------------------------------+--------------------------------+---------------+-------------+----------------+
; COMPILER_SIGNATURE_ID              ; 90520741354057.169913033306064 ; --            ; --          ; --             ;
; PARTITION_COLOR                    ; 16764057                       ; --            ; --          ; Top            ;
; PARTITION_NETLIST_TYPE             ; SOURCE                         ; --            ; --          ; Top            ;
; USE_GENERATED_PHYSICAL_CONSTRAINTS ; Off                            ; --            ; --          ; eda_blast_fpga ;
+------------------------------------+--------------------------------+---------------+-------------+----------------+


+-------------------------------------------------------------------------------------------------------------------------------+
; Flow Elapsed Time                                                                                                             ;
+---------------------------+--------------+-------------------------+---------------------+------------------------------------+
; Module Name               ; Elapsed Time ; Average Processors Used ; Peak Virtual Memory ; Total CPU Time (on all processors) ;
+---------------------------+--------------+-------------------------+---------------------+------------------------------------+
; Analysis & Synthesis      ; 00:00:04     ; 1.0                     ; 219 MB              ; 00:00:02                           ;
; Fitter                    ; 00:00:07     ; 1.0                     ; 288 MB              ; 00:00:06                           ;
; TimeQuest Timing Analyzer ; 00:00:09     ; 1.0                     ; 253 MB              ; 00:00:02                           ;
; Assembler                 ; 00:00:04     ; 1.0                     ; 218 MB              ; 00:00:01                           ;
; Total                     ; 00:00:20     ; --                      ; --                  ; 00:00:10                           ;
+---------------------------+--------------+-------------------------+---------------------+------------------------------------+


+--------------------------------------------------------------------------------------------+
; Flow OS Summary                                                                            ;
+---------------------------+------------------+---------------+------------+----------------+
; Module Name               ; Machine Hostname ; OS Name       ; OS Version ; Processor type ;
+---------------------------+------------------+---------------+------------+----------------+
; Analysis & Synthesis      ; DESKTOP-SDI3G79  ; Windows Vista ; 6.2        ; x86_64         ;
; Fitter                    ; DESKTOP-SDI3G79  ; Windows Vista ; 6.2        ; x86_64         ;
; Assembler                 ; DESKTOP-SDI3G79  ; Windows Vista ; 6.2        ; x86_64         ;
; TimeQuest Timing Analyzer ; DESKTOP-SDI3G79  ; Windows Vista ; 6.2        ; x86_64         ;
+---------------------------+------------------+---------------+------------+----------------+


------------
; Flow Log ;
------------
quartus_map --read_settings_files=on --write_settings_files=off flipflop -c flipflop
quartus_fit --read_settings_files=off --write_settings_files=off flipflop -c flipflop
quartus_asm --read_settings_files=off --write_settings_files=off flipflop -c flipflop
quartus_sta flipflop -c flipflop



