Flow report for Comparador_4_bits
Tue Oct 17 10:44:26 2023
Quartus II Version 9.1 Build 350 03/24/2010 Service Pack 2 SJ Web Edition


---------------------
; Table of Contents ;
---------------------
  1. Legal Notice
  2. Flow Summary
  3. Flow Settings
  4. Flow Non-Default Global Settings
  5. Flow Elapsed Time
  6. Flow OS Summary
  7. Flow Log



----------------
; Legal Notice ;
----------------
Copyright (C) 1991-2010 Altera Corporation
Your use of Altera Corporation's design tools, logic functions 
and other software and tools, and its AMPP partner logic 
functions, and any output files from any of the foregoing 
(including device programming or simulation files), and any 
associated documentation or information are expressly subject 
to the terms and conditions of the Altera Program License 
Subscription Agreement, Altera MegaCore Function License 
Agreement, or other applicable license agreement, including, 
without limitation, that your use is for the sole purpose of 
programming logic devices manufactured by Altera and sold by 
Altera or its authorized distributors.  Please refer to the 
applicable agreement for further details.



+-----------------------------------------------------------------------------------+
; Flow Summary                                                                      ;
+------------------------------------+----------------------------------------------+
; Flow Status                        ; Successful - Tue Oct 17 10:44:26 2023        ;
; Quartus II Version                 ; 9.1 Build 350 03/24/2010 SP 2 SJ Web Edition ;
; Revision Name                      ; Comparador_4_bits                            ;
; Top-level Entity Name              ; Comparador_4_bits                            ;
; Family                             ; Cyclone IV E                                 ;
; Met timing requirements            ; N/A                                          ;
; Total logic elements               ; 9 / 6,272 ( < 1 % )                          ;
;     Total combinational functions  ; 9 / 6,272 ( < 1 % )                          ;
;     Dedicated logic registers      ; 0 / 6,272 ( 0 % )                            ;
; Total registers                    ; 0                                            ;
; Total pins                         ; 11 / 92 ( 12 % )                             ;
; Total virtual pins                 ; 0                                            ;
; Total memory bits                  ; 0 / 276,480 ( 0 % )                          ;
; Embedded Multiplier 9-bit elements ; 0 / 30 ( 0 % )                               ;
; Total PLLs                         ; 0 / 2 ( 0 % )                                ;
; Device                             ; EP4CE6E22C6                                  ;
; Timing Models                      ; Preliminary                                  ;
+------------------------------------+----------------------------------------------+


+-----------------------------------------+
; Flow Settings                           ;
+-------------------+---------------------+
; Option            ; Setting             ;
+-------------------+---------------------+
; Start date & time ; 10/17/2023 10:44:06 ;
; Main task         ; Compilation         ;
; Revision Name     ; Comparador_4_bits   ;
+-------------------+---------------------+


+----------------------------------------------------------------------------------------------------------------------+
; Flow Non-Default Global Settings                                                                                     ;
+--------------------------------------+--------------------------------+---------------+-------------+----------------+
; Assignment Name                      ; Value                          ; Default Value ; Entity Name ; Section Id     ;
+--------------------------------------+--------------------------------+---------------+-------------+----------------+
; COMPILER_SIGNATURE_ID                ; 90520738956020.169755024612924 ; --            ; --          ; --             ;
; EDA_NATIVELINK_SIMULATION_TEST_BENCH ; Contador_bits_1_tb             ; --            ; --          ; eda_simulation ;
; EDA_OUTPUT_DATA_FORMAT               ; Vhdl                           ; --            ; --          ; eda_simulation ;
; EDA_SIMULATION_TOOL                  ; ModelSim-Altera (VHDL)         ; <None>        ; --          ; --             ;
; EDA_TEST_BENCH_ENABLE_STATUS         ; TEST_BENCH_MODE                ; --            ; --          ; eda_simulation ;
; PARTITION_COLOR                      ; 16764057                       ; --            ; --          ; Top            ;
; PARTITION_NETLIST_TYPE               ; SOURCE                         ; --            ; --          ; Top            ;
; USE_GENERATED_PHYSICAL_CONSTRAINTS   ; Off                            ; --            ; --          ; eda_blast_fpga ;
+--------------------------------------+--------------------------------+---------------+-------------+----------------+


+-------------------------------------------------------------------------------------------------------------------------------+
; Flow Elapsed Time                                                                                                             ;
+---------------------------+--------------+-------------------------+---------------------+------------------------------------+
; Module Name               ; Elapsed Time ; Average Processors Used ; Peak Virtual Memory ; Total CPU Time (on all processors) ;
+---------------------------+--------------+-------------------------+---------------------+------------------------------------+
; Analysis & Synthesis      ; 00:00:01     ; 1.0                     ; 209 MB              ; 00:00:03                           ;
; Fitter                    ; 00:00:06     ; 1.0                     ; 264 MB              ; 00:00:07                           ;
; TimeQuest Timing Analyzer ; 00:00:04     ; 1.0                     ; 222 MB              ; 00:00:03                           ;
; Assembler                 ; 00:00:02     ; 1.0                     ; 203 MB              ; 00:00:01                           ;
; EDA Netlist Writer        ; 00:00:01     ; 1.0                     ; 169 MB              ; 00:00:02                           ;
; Total                     ; 00:00:12     ; --                      ; --                  ; 00:00:15                           ;
+---------------------------+--------------+-------------------------+---------------------+------------------------------------+


+--------------------------------------------------------------------------------------------+
; Flow OS Summary                                                                            ;
+---------------------------+------------------+---------------+------------+----------------+
; Module Name               ; Machine Hostname ; OS Name       ; OS Version ; Processor type ;
+---------------------------+------------------+---------------+------------+----------------+
; Analysis & Synthesis      ; DESKTOP-CEIE5J8  ; Windows Vista ; 6.2        ; x86_64         ;
; Fitter                    ; DESKTOP-CEIE5J8  ; Windows Vista ; 6.2        ; x86_64         ;
; Assembler                 ; DESKTOP-CEIE5J8  ; Windows Vista ; 6.2        ; x86_64         ;
; TimeQuest Timing Analyzer ; DESKTOP-CEIE5J8  ; Windows Vista ; 6.2        ; x86_64         ;
; EDA Netlist Writer        ; DESKTOP-CEIE5J8  ; Windows Vista ; 6.2        ; x86_64         ;
+---------------------------+------------------+---------------+------------+----------------+


------------
; Flow Log ;
------------
quartus_map --read_settings_files=on --write_settings_files=off Comparador_4_bits -c Comparador_4_bits
quartus_fit --read_settings_files=off --write_settings_files=off Comparador_4_bits -c Comparador_4_bits
quartus_asm --read_settings_files=off --write_settings_files=off Comparador_4_bits -c Comparador_4_bits
quartus_sta Comparador_4_bits -c Comparador_4_bits
quartus_eda --read_settings_files=off --write_settings_files=off Comparador_4_bits -c Comparador_4_bits



